2023-08-30 19:15:19,831 - INFO - Script started.
2023-08-30 19:15:42,230 - INFO - Script started.
2023-08-30 19:15:42,724 - ERROR - No matching set found!
2023-08-30 19:18:23,997 - INFO - Script started.
2023-08-30 19:18:24,497 - ERROR - No matching set found!
2023-08-30 19:22:25,178 - INFO - Script started.
2023-08-30 19:22:25,285 - INFO - Webcam test script started.
2023-08-30 19:22:25,482 - INFO - Webcam initialized.
2023-08-30 19:22:42,879 - INFO - Image captured.
2023-08-30 19:22:46,639 - INFO - Image captured.
2023-08-30 19:22:48,729 - INFO - Webcam test script finished.
2023-08-30 19:24:30,568 - INFO - Script started.
2023-08-30 19:24:30,680 - INFO - Webcam test script started.
2023-08-30 19:24:30,874 - INFO - Webcam initialized.
2023-08-30 19:24:35,576 - INFO - Image captured.
2023-08-30 19:24:40,281 - INFO - Webcam test script finished.
2023-08-30 19:27:43,800 - INFO - Script started.
2023-08-30 19:27:43,910 - INFO - Webcam test script started.
2023-08-30 19:27:44,105 - INFO - Webcam initialized.
2023-08-30 19:27:46,593 - INFO - Image captured.
2023-08-30 19:27:50,972 - INFO - Webcam test script finished.
2023-08-30 19:29:50,712 - INFO - Script started.
2023-08-30 19:29:50,820 - INFO - Webcam test script started.
2023-08-30 19:29:51,011 - INFO - Webcam initialized.
2023-08-30 19:29:53,543 - INFO - Image captured.
2023-08-30 19:29:55,428 - INFO - Webcam test script finished.
2023-08-30 19:37:02,761 - INFO - Script started.
2023-08-30 19:37:03,615 - INFO - Webcam test script started.
2023-08-30 19:37:03,864 - INFO - Webcam initialized.
2023-08-30 19:37:32,832 - INFO - Image captured.
2023-08-30 19:37:41,293 - INFO - Webcam test script finished.
